[0924/014206.252:INFO:CONSOLE(0)] "
%cStop! font-family:helvetica; font-size:20px; font-size:50px; font-weight:bold; color:red; -webkit-text-stroke:1px black;", source:  (0)
[0924/014206.252:INFO:CONSOLE(0)] "
%cThis is a browser feature intended for developers. If someone told you to copy-paste something here to enable a Facebook feature or "hack" someone's account, it is a scam and will give them access to your Facebook account. font-family:helvetica; font-size:20px; ", source:  (0)
[0924/014206.252:INFO:CONSOLE(0)] "
%cSee https://www.facebook.com/selfxss for more information. font-family:helvetica; font-size:20px; ", source:  (0)
[0924/014206.253:INFO:CONSOLE(0)] "
%c ", source:  (0)
[0924/014232.604:INFO:CONSOLE(0)] "
%cStop! font-family:helvetica; font-size:20px; font-size:50px; font-weight:bold; color:red; -webkit-text-stroke:1px black;", source:  (0)
[0924/014232.605:INFO:CONSOLE(0)] "
%cThis is a browser feature intended for developers. If someone told you to copy-paste something here to enable a Facebook feature or "hack" someone's account, it is a scam and will give them access to your Facebook account. font-family:helvetica; font-size:20px; ", source:  (0)
[0924/014232.605:INFO:CONSOLE(0)] "
%cSee https://www.facebook.com/selfxss for more information. font-family:helvetica; font-size:20px; ", source:  (0)
[0924/014232.605:INFO:CONSOLE(0)] "
%c ", source:  (0)
[0924/014254.437:INFO:CONSOLE(241)] "
%cStop! font-family:helvetica; font-size:20px; font-size:50px; font-weight:bold; color:red; -webkit-text-stroke:1px black;", source: https://static.xx.fbcdn.net/rsrc.php/v3/y1/r/pePedL2ZgUk.js?_nc_x=g7h3TOOahOF (241)
[0924/014254.437:INFO:CONSOLE(241)] "
%cThis is a browser feature intended for developers. If someone told you to copy-paste something here to enable a Facebook feature or "hack" someone's account, it is a scam and will give them access to your Facebook account. font-family:helvetica; font-size:20px; ", source: https://static.xx.fbcdn.net/rsrc.php/v3/y1/r/pePedL2ZgUk.js?_nc_x=g7h3TOOahOF (241)
[0924/014254.438:INFO:CONSOLE(241)] "
%cSee https://www.facebook.com/selfxss for more information. font-family:helvetica; font-size:20px; ", source: https://static.xx.fbcdn.net/rsrc.php/v3/y1/r/pePedL2ZgUk.js?_nc_x=g7h3TOOahOF (241)
[0924/014254.438:INFO:CONSOLE(241)] "
%c ", source: https://static.xx.fbcdn.net/rsrc.php/v3/y1/r/pePedL2ZgUk.js?_nc_x=g7h3TOOahOF (241)
